Arguments: 
  C:\Program Files\nodejs\node.exe C:\Users\Tsiyon\AppData\Roaming\npm\node_modules\yarn\bin\yarn.js init

PATH: 
  C:\Users\Tsiyon\bin;C:\Program Files\Git\mingw64\bin;C:\Program Files\Git\usr\local\bin;C:\Program Files\Git\usr\bin;C:\Program Files\Git\usr\bin;C:\Program Files\Git\mingw64\bin;C:\Program Files\Git\usr\bin;C:\Users\Tsiyon\bin;C:\Program Files (x86)\Python38-32\Scripts;C:\Program Files (x86)\Python38-32;C:\ProgramData\Oracle\Java\javapath;C:\Program Files (x86)\Common Files\Oracle\Java\javapath;C:\WINDOWS\system32;C:\WINDOWS;C:\WINDOWS\System32\Wbem;C:\WINDOWS\System32\WindowsPowerShell\v1.0;C:\Program Files\Git\cmd;C:\Program Files\Microsoft VS Code\bin;C:\WINDOWS\System32\OpenSSH;C:\Program Files (x86)\MySQL\MySQL Fabric 1.5 & MySQL Utilities 1.5;C:\Program Files (x86)\MySQL\MySQL Fabric 1.5 & MySQL Utilities 1.5\Doctrine extensions for PHP;C:\WINDOWS\system32\config\systemprofile\.dnx\bin;C:\Program Files\Microsoft DNX\Dnvm;C:\Program Files\Microsoft SQL Server\120\Tools\Binn;C:\Program Files\nodejs;C:\Users\Tsiyon\AppData\Local\Microsoft\WindowsApps;C:\Program Files\Microsoft VS Code\bin;C:\Program Files\MongoDB\Server\3.4\bin\mongo.exe;C:\Users\Tsiyon\AppData\Local\GitHubDesktop\bin;C:\Program Files\Java\jdk1.8.0_121\bin;C:\Program Files\MySQL\MySQL Server 5.7\bin;C:\Users\Tsiyon\AppData\Local\now-cli;C:\Users\Tsiyon\AppData\Roaming\Microsoft\Windows\Start Menu\Programs\Python 3.8;C:\Users\Tsiyon\AppData\Local\Microsoft\WindowsApps;C:\Users\Tsiyon\AppData\Roaming\npm;C:\Program Files\Git\usr\bin\vendor_perl;C:\Program Files\Git\usr\bin\core_perl

Yarn version: 
  1.12.3

Node version: 
  12.16.0

Platform: 
  win32 x64

Trace: 
  Error: Can't answer a question unless a user TTY
      at ConsoleReporter.question (C:\Users\Tsiyon\AppData\Roaming\npm\node_modules\yarn\lib\cli.js:95522:59)
      at Object.<anonymous> (C:\Users\Tsiyon\AppData\Roaming\npm\node_modules\yarn\lib\cli.js:88103:38)
      at Generator.next (<anonymous>)
      at step (C:\Users\Tsiyon\AppData\Roaming\npm\node_modules\yarn\lib\cli.js:304:30)
      at C:\Users\Tsiyon\AppData\Roaming\npm\node_modules\yarn\lib\cli.js:315:13
      at processTicksAndRejections (internal/process/task_queues.js:97:5)

npm manifest: 
  No manifest

yarn manifest: 
  No manifest

Lockfile: 
  No lockfile
